{"type":"server-started","port":52445,"host":"127.0.0.1","url_host":"localhost","url":"http://localhost:52445","screen_dir":"/Users/howdy/Documents/GitHub/thea1lab.github.io/.superpowers/brainstorm/32581-1776192024/content","state_dir":"/Users/howdy/Documents/GitHub/thea1lab.github.io/.superpowers/brainstorm/32581-1776192024/state"}
{"type":"screen-added","file":"/Users/howdy/Documents/GitHub/thea1lab.github.io/.superpowers/brainstorm/32581-1776192024/content/animation-concepts.html"}
{"type":"screen-added","file":"/Users/howdy/Documents/GitHub/thea1lab.github.io/.superpowers/brainstorm/32581-1776192024/content/waiting.html"}
{"type":"screen-added","file":"/Users/howdy/Documents/GitHub/thea1lab.github.io/.superpowers/brainstorm/32581-1776192024/content/single-animation-concepts.html"}
{"source":"user-event","type":"click","text":"The Lab Experiment\n    🧪 ➔ 🔬 ➔ 📊\n    Beakers, test tubes, and lab equipment in a playful metaphor for the diagnostic → prototype → plan flow.\n    \n      lab theme\n      on-brand for A1 Lab","choice":"lab-experiment","id":null,"timestamp":1776192750588}
{"source":"user-event","type":"click","text":"The Lab Experiment\n    🧪 ➔ 🔬 ➔ 📊\n    Beakers, test tubes, and lab equipment in a playful metaphor for the diagnostic → prototype → plan flow.\n    \n      lab theme\n      on-brand for A1 Lab","choice":"lab-experiment","id":null,"timestamp":1776192750847}
{"source":"user-event","type":"click","text":"Code Assembly\n    { } ➔ </> ➔ 📦\n    Abstract code blocks coming together, forming a working system, then packaging into a deliverable plan.\n    \n      tech focus\n      developer aesthetic","choice":"code-assembly","id":null,"timestamp":1776192756801}
{"source":"user-event","type":"click","text":"The Lab Experiment\n    🧪 ➔ 🔬 ➔ 📊\n    Beakers, test tubes, and lab equipment in a playful metaphor for the diagnostic → prototype → plan flow.\n    \n      lab theme\n      on-brand for A1 Lab","choice":"lab-experiment","id":null,"timestamp":1776192787955}
{"source":"user-event","type":"click","text":"The Lab Experiment\n    🧪 ➔ 🔬 ➔ 📊\n    Beakers, test tubes, and lab equipment in a playful metaphor for the diagnostic → prototype → plan flow.\n    \n      lab theme\n      on-brand for A1 Lab","choice":"lab-experiment","id":null,"timestamp":1776192788222}
{"source":"user-event","type":"click","text":"The Lab Experiment\n    🧪 ➔ 🔬 ➔ 📊\n    Beakers, test tubes, and lab equipment in a playful metaphor for the diagnostic → prototype → plan flow.\n    \n      lab theme\n      on-brand for A1 Lab","choice":"lab-experiment","id":null,"timestamp":1776192789197}
{"source":"user-event","type":"click","text":"The Lab Experiment\n    🧪 ➔ 🔬 ➔ 📊\n    Beakers, test tubes, and lab equipment in a playful metaphor for the diagnostic → prototype → plan flow.\n    \n      lab theme\n      on-brand for A1 Lab","choice":"lab-experiment","id":null,"timestamp":1776192789346}
{"source":"user-event","type":"click","text":"The Lab Experiment\n    🧪 ➔ 🔬 ➔ 📊\n    Beakers, test tubes, and lab equipment in a playful metaphor for the diagnostic → prototype → plan flow.\n    \n      lab theme\n      on-brand for A1 Lab","choice":"lab-experiment","id":null,"timestamp":1776192789504}
{"source":"user-event","type":"click","text":"The Pipeline\n    📥 ➔ ⚙️ ➔ 📤\n    A continuous flow showing inputs entering, being processed through three stages, and emerging as a deliverable.\n    \n      3 phases\n      4-7 weeks total","choice":"pipeline","id":null,"timestamp":1776192790176}
{"source":"user-event","type":"click","text":"Code Assembly\n    { } ➔ </> ➔ 📦\n    Abstract code blocks coming together, forming a working system, then packaging into a deliverable plan.\n    \n      tech focus\n      developer aesthetic","choice":"code-assembly","id":null,"timestamp":1776192798901}
{"source":"user-event","type":"click","text":"Code Assembly\n    { } ➔ </> ➔ 📦\n    Abstract code blocks coming together, forming a working system, then packaging into a deliverable plan.\n    \n      tech focus\n      developer aesthetic","choice":"code-assembly","id":null,"timestamp":1776192799434}
{"source":"user-event","type":"click","text":"Code Assembly\n    { } ➔ </> ➔ 📦\n    Abstract code blocks coming together, forming a working system, then packaging into a deliverable plan.\n    \n      tech focus\n      developer aesthetic","choice":"code-assembly","id":null,"timestamp":1776192799792}
{"source":"user-event","type":"click","text":"Code Assembly\n    { } ➔ </> ➔ 📦\n    Abstract code blocks coming together, forming a working system, then packaging into a deliverable plan.\n    \n      tech focus\n      developer aesthetic","choice":"code-assembly","id":null,"timestamp":1776192799942}
{"source":"user-event","type":"click","text":"Code Assembly\n    { } ➔ </> ➔ 📦\n    Abstract code blocks coming together, forming a working system, then packaging into a deliverable plan.\n    \n      tech focus\n      developer aesthetic","choice":"code-assembly","id":null,"timestamp":1776192800459}
{"source":"user-event","type":"click","text":"Code Assembly\n    { } ➔ </> ➔ 📦\n    Abstract code blocks coming together, forming a working system, then packaging into a deliverable plan.\n    \n      tech focus\n      developer aesthetic","choice":"code-assembly","id":null,"timestamp":1776192802027}
{"type":"screen-added","file":"/Users/howdy/Documents/GitHub/thea1lab.github.io/.superpowers/brainstorm/32581-1776192024/content/timeline-concept.html"}
{"type":"screen-added","file":"/Users/howdy/Documents/GitHub/thea1lab.github.io/.superpowers/brainstorm/32581-1776192024/content/timeline-animated.html"}
{"type":"server-stopped","reason":"idle timeout"}
